<?xml version="1.0" encoding="UTF-8"?>
<testsuite xmlns:xsi="http://www.w3.org/2001/XMLSchema-instance" xsi:noNamespaceSchemaLocation="https://maven.apache.org/surefire/maven-surefire-plugin/xsd/surefire-test-report.xsd" name="cucumber.test.CucumberIntegrationTest" time="0.841" tests="6" errors="0" skipped="0" failures="0">
  <properties>
    <property name="awt.toolkit" value="sun.awt.X11.XToolkit"/>
    <property name="file.encoding.pkg" value="sun.io"/>
    <property name="java.specification.version" value="1.8"/>
    <property name="sun.cpu.isalist" value=""/>
    <property name="sun.jnu.encoding" value="UTF-8"/>
    <property name="java.class.path" value="/home/suinfreedom/Programmi/GITHUB/BdtTestPlatform/test-platform/target/test-classes:/home/suinfreedom/Programmi/GITHUB/BdtTestPlatform/test-platform/target/classes:/home/suinfreedom/.m2/repository/org/springframework/boot/spring-boot-starter-web/2.1.5.RELEASE/spring-boot-starter-web-2.1.5.RELEASE.jar:/home/suinfreedom/.m2/repository/org/springframework/boot/spring-boot-starter/2.1.5.RELEASE/spring-boot-starter-2.1.5.RELEASE.jar:/home/suinfreedom/.m2/repository/org/springframework/boot/spring-boot/2.1.5.RELEASE/spring-boot-2.1.5.RELEASE.jar:/home/suinfreedom/.m2/repository/org/springframework/boot/spring-boot-autoconfigure/2.1.5.RELEASE/spring-boot-autoconfigure-2.1.5.RELEASE.jar:/home/suinfreedom/.m2/repository/org/springframework/boot/spring-boot-starter-logging/2.1.5.RELEASE/spring-boot-starter-logging-2.1.5.RELEASE.jar:/home/suinfreedom/.m2/repository/ch/qos/logback/logback-classic/1.2.3/logback-classic-1.2.3.jar:/home/suinfreedom/.m2/repository/ch/qos/logback/logback-core/1.2.3/logback-core-1.2.3.jar:/home/suinfreedom/.m2/repository/org/apache/logging/log4j/log4j-to-slf4j/2.11.2/log4j-to-slf4j-2.11.2.jar:/home/suinfreedom/.m2/repository/org/apache/logging/log4j/log4j-api/2.11.2/log4j-api-2.11.2.jar:/home/suinfreedom/.m2/repository/org/slf4j/jul-to-slf4j/1.7.26/jul-to-slf4j-1.7.26.jar:/home/suinfreedom/.m2/repository/javax/annotation/javax.annotation-api/1.3.2/javax.annotation-api-1.3.2.jar:/home/suinfreedom/.m2/repository/org/yaml/snakeyaml/1.23/snakeyaml-1.23.jar:/home/suinfreedom/.m2/repository/org/springframework/boot/spring-boot-starter-json/2.1.5.RELEASE/spring-boot-starter-json-2.1.5.RELEASE.jar:/home/suinfreedom/.m2/repository/com/fasterxml/jackson/datatype/jackson-datatype-jdk8/2.9.9/jackson-datatype-jdk8-2.9.9.jar:/home/suinfreedom/.m2/repository/com/fasterxml/jackson/datatype/jackson-datatype-jsr310/2.9.9/jackson-datatype-jsr310-2.9.9.jar:/home/suinfreedom/.m2/repository/com/fasterxml/jackson/module/jackson-module-parameter-names/2.9.9/jackson-module-parameter-names-2.9.9.jar:/home/suinfreedom/.m2/repository/org/springframework/boot/spring-boot-starter-tomcat/2.1.5.RELEASE/spring-boot-starter-tomcat-2.1.5.RELEASE.jar:/home/suinfreedom/.m2/repository/org/apache/tomcat/embed/tomcat-embed-core/9.0.19/tomcat-embed-core-9.0.19.jar:/home/suinfreedom/.m2/repository/org/apache/tomcat/embed/tomcat-embed-el/9.0.19/tomcat-embed-el-9.0.19.jar:/home/suinfreedom/.m2/repository/org/apache/tomcat/embed/tomcat-embed-websocket/9.0.19/tomcat-embed-websocket-9.0.19.jar:/home/suinfreedom/.m2/repository/org/hibernate/validator/hibernate-validator/6.0.16.Final/hibernate-validator-6.0.16.Final.jar:/home/suinfreedom/.m2/repository/javax/validation/validation-api/2.0.1.Final/validation-api-2.0.1.Final.jar:/home/suinfreedom/.m2/repository/org/jboss/logging/jboss-logging/3.3.2.Final/jboss-logging-3.3.2.Final.jar:/home/suinfreedom/.m2/repository/com/fasterxml/classmate/1.4.0/classmate-1.4.0.jar:/home/suinfreedom/.m2/repository/org/springframework/spring-web/5.1.8.RELEASE/spring-web-5.1.8.RELEASE.jar:/home/suinfreedom/.m2/repository/org/springframework/spring-beans/5.1.8.RELEASE/spring-beans-5.1.8.RELEASE.jar:/home/suinfreedom/.m2/repository/org/springframework/spring-webmvc/5.1.8.RELEASE/spring-webmvc-5.1.8.RELEASE.jar:/home/suinfreedom/.m2/repository/org/springframework/spring-aop/5.1.8.RELEASE/spring-aop-5.1.8.RELEASE.jar:/home/suinfreedom/.m2/repository/org/springframework/spring-context/5.1.8.RELEASE/spring-context-5.1.8.RELEASE.jar:/home/suinfreedom/.m2/repository/org/springframework/spring-expression/5.1.8.RELEASE/spring-expression-5.1.8.RELEASE.jar:/home/suinfreedom/.m2/repository/org/springframework/boot/spring-boot-starter-test/2.1.5.RELEASE/spring-boot-starter-test-2.1.5.RELEASE.jar:/home/suinfreedom/.m2/repository/org/springframework/boot/spring-boot-test/2.1.5.RELEASE/spring-boot-test-2.1.5.RELEASE.jar:/home/suinfreedom/.m2/repository/org/springframework/boot/spring-boot-test-autoconfigure/2.1.5.RELEASE/spring-boot-test-autoconfigure-2.1.5.RELEASE.jar:/home/suinfreedom/.m2/repository/com/jayway/jsonpath/json-path/2.4.0/json-path-2.4.0.jar:/home/suinfreedom/.m2/repository/net/minidev/json-smart/2.3/json-smart-2.3.jar:/home/suinfreedom/.m2/repository/net/minidev/accessors-smart/1.2/accessors-smart-1.2.jar:/home/suinfreedom/.m2/repository/org/ow2/asm/asm/5.0.4/asm-5.0.4.jar:/home/suinfreedom/.m2/repository/org/slf4j/slf4j-api/1.7.26/slf4j-api-1.7.26.jar:/home/suinfreedom/.m2/repository/org/assertj/assertj-core/3.11.1/assertj-core-3.11.1.jar:/home/suinfreedom/.m2/repository/org/mockito/mockito-core/2.23.4/mockito-core-2.23.4.jar:/home/suinfreedom/.m2/repository/net/bytebuddy/byte-buddy/1.9.12/byte-buddy-1.9.12.jar:/home/suinfreedom/.m2/repository/net/bytebuddy/byte-buddy-agent/1.9.12/byte-buddy-agent-1.9.12.jar:/home/suinfreedom/.m2/repository/org/objenesis/objenesis/2.6/objenesis-2.6.jar:/home/suinfreedom/.m2/repository/org/hamcrest/hamcrest-core/1.3/hamcrest-core-1.3.jar:/home/suinfreedom/.m2/repository/org/hamcrest/hamcrest-library/1.3/hamcrest-library-1.3.jar:/home/suinfreedom/.m2/repository/org/skyscreamer/jsonassert/1.5.0/jsonassert-1.5.0.jar:/home/suinfreedom/.m2/repository/com/vaadin/external/google/android-json/0.0.20131108.vaadin1/android-json-0.0.20131108.vaadin1.jar:/home/suinfreedom/.m2/repository/org/springframework/spring-core/5.1.7.RELEASE/spring-core-5.1.7.RELEASE.jar:/home/suinfreedom/.m2/repository/org/springframework/spring-jcl/5.1.8.RELEASE/spring-jcl-5.1.8.RELEASE.jar:/home/suinfreedom/.m2/repository/org/springframework/spring-test/5.1.8.RELEASE/spring-test-5.1.8.RELEASE.jar:/home/suinfreedom/.m2/repository/org/xmlunit/xmlunit-core/2.6.2/xmlunit-core-2.6.2.jar:/home/suinfreedom/.m2/repository/io/cucumber/cucumber-core/1.2.6/cucumber-core-1.2.6.jar:/home/suinfreedom/.m2/repository/info/cukes/cucumber-html/0.2.3/cucumber-html-0.2.3.jar:/home/suinfreedom/.m2/repository/info/cukes/cucumber-jvm-deps/1.0.5/cucumber-jvm-deps-1.0.5.jar:/home/suinfreedom/.m2/repository/info/cukes/gherkin/2.12.2/gherkin-2.12.2.jar:/home/suinfreedom/.m2/repository/info/cukes/cucumber-java/1.2.4/cucumber-java-1.2.4.jar:/home/suinfreedom/.m2/repository/info/cukes/cucumber-junit/1.2.4/cucumber-junit-1.2.4.jar:/home/suinfreedom/.m2/repository/info/cukes/cucumber-spring/1.2.4/cucumber-spring-1.2.4.jar:/home/suinfreedom/.m2/repository/commons-io/commons-io/1.3.2/commons-io-1.3.2.jar:/home/suinfreedom/.m2/repository/junit/junit/4.12/junit-4.12.jar:/home/suinfreedom/.m2/repository/org/apache/camel/camel-core-engine/3.0.0-RC3/camel-core-engine-3.0.0-RC3.jar:/home/suinfreedom/.m2/repository/org/apache/camel/spi-annotations/3.0.0-RC3/spi-annotations-3.0.0-RC3.jar:/home/suinfreedom/.m2/repository/org/apache/camel/camel-api/3.0.0-RC3/camel-api-3.0.0-RC3.jar:/home/suinfreedom/.m2/repository/org/apache/camel/camel-base/3.0.0-RC3/camel-base-3.0.0-RC3.jar:/home/suinfreedom/.m2/repository/org/apache/camel/camel-jaxp/3.0.0-RC3/camel-jaxp-3.0.0-RC3.jar:/home/suinfreedom/.m2/repository/org/apache/camel/camel-management-api/3.0.0-RC3/camel-management-api-3.0.0-RC3.jar:/home/suinfreedom/.m2/repository/org/apache/camel/camel-support/3.0.0-RC3/camel-support-3.0.0-RC3.jar:/home/suinfreedom/.m2/repository/org/apache/camel/camel-util/3.0.0-RC3/camel-util-3.0.0-RC3.jar:/home/suinfreedom/.m2/repository/org/apache/camel/camel-util-json/3.0.0-RC3/camel-util-json-3.0.0-RC3.jar:/home/suinfreedom/.m2/repository/org/apache/camel/camel-spring-boot-starter/3.0.0-RC3/camel-spring-boot-starter-3.0.0-RC3.jar:/home/suinfreedom/.m2/repository/org/apache/camel/camel-spring-boot/3.0.0-RC3/camel-spring-boot-3.0.0-RC3.jar:/home/suinfreedom/.m2/repository/org/apache/camel/camel-spring/3.0.0-RC3/camel-spring-3.0.0-RC3.jar:/home/suinfreedom/.m2/repository/org/apache/camel/camel-bean/3.0.0-RC3/camel-bean-3.0.0-RC3.jar:/home/suinfreedom/.m2/repository/org/apache/camel/camel-core-xml/3.0.0-RC3/camel-core-xml-3.0.0-RC3.jar:/home/suinfreedom/.m2/repository/org/springframework/spring-tx/5.1.8.RELEASE/spring-tx-5.1.8.RELEASE.jar:/home/suinfreedom/.m2/repository/org/apache/camel/camel-cloud/3.0.0-RC3/camel-cloud-3.0.0-RC3.jar:/home/suinfreedom/.m2/repository/org/apache/camel/camel-caffeine-lrucache/3.0.0-RC3/camel-caffeine-lrucache-3.0.0-RC3.jar:/home/suinfreedom/.m2/repository/com/github/ben-manes/caffeine/caffeine/2.6.2/caffeine-2.6.2.jar:/home/suinfreedom/.m2/repository/org/apache/camel/camel-main/3.0.0-RC3/camel-main-3.0.0-RC3.jar:/home/suinfreedom/.m2/repository/org/apache/camel/camel-management/3.0.0-RC3/camel-management-3.0.0-RC3.jar:/home/suinfreedom/.m2/repository/org/apache/camel/camel-log/3.0.0-RC3/camel-log-3.0.0-RC3.jar:/home/suinfreedom/.m2/repository/org/apache/camel/camel-core-starter/3.0.0-RC3/camel-core-starter-3.0.0-RC3.jar:/home/suinfreedom/.m2/repository/org/apache/camel/camel-core/3.0.0-RC3/camel-core-3.0.0-RC3.jar:/home/suinfreedom/.m2/repository/org/apache/camel/camel-browse/3.0.0-RC3/camel-browse-3.0.0-RC3.jar:/home/suinfreedom/.m2/repository/org/apache/camel/camel-controlbus/3.0.0-RC3/camel-controlbus-3.0.0-RC3.jar:/home/suinfreedom/.m2/repository/org/apache/camel/camel-dataformat/3.0.0-RC3/camel-dataformat-3.0.0-RC3.jar:/home/suinfreedom/.m2/repository/org/apache/camel/camel-dataset/3.0.0-RC3/camel-dataset-3.0.0-RC3.jar:/home/suinfreedom/.m2/repository/org/apache/camel/camel-direct/3.0.0-RC3/camel-direct-3.0.0-RC3.jar:/home/suinfreedom/.m2/repository/org/apache/camel/camel-directvm/3.0.0-RC3/camel-directvm-3.0.0-RC3.jar:/home/suinfreedom/.m2/repository/org/apache/camel/camel-file/3.0.0-RC3/camel-file-3.0.0-RC3.jar:/home/suinfreedom/.m2/repository/org/apache/camel/camel-language/3.0.0-RC3/camel-language-3.0.0-RC3.jar:/home/suinfreedom/.m2/repository/org/apache/camel/camel-mock/3.0.0-RC3/camel-mock-3.0.0-RC3.jar:/home/suinfreedom/.m2/repository/org/apache/camel/camel-ref/3.0.0-RC3/camel-ref-3.0.0-RC3.jar:/home/suinfreedom/.m2/repository/org/apache/camel/camel-rest/3.0.0-RC3/camel-rest-3.0.0-RC3.jar:/home/suinfreedom/.m2/repository/org/apache/camel/camel-saga/3.0.0-RC3/camel-saga-3.0.0-RC3.jar:/home/suinfreedom/.m2/repository/org/apache/camel/camel-scheduler/3.0.0-RC3/camel-scheduler-3.0.0-RC3.jar:/home/suinfreedom/.m2/repository/org/apache/camel/camel-seda/3.0.0-RC3/camel-seda-3.0.0-RC3.jar:/home/suinfreedom/.m2/repository/org/apache/camel/camel-stub/3.0.0-RC3/camel-stub-3.0.0-RC3.jar:/home/suinfreedom/.m2/repository/org/apache/camel/camel-timer/3.0.0-RC3/camel-timer-3.0.0-RC3.jar:/home/suinfreedom/.m2/repository/org/apache/camel/camel-validator/3.0.0-RC3/camel-validator-3.0.0-RC3.jar:/home/suinfreedom/.m2/repository/org/apache/camel/camel-vm/3.0.0-RC3/camel-vm-3.0.0-RC3.jar:/home/suinfreedom/.m2/repository/org/apache/camel/camel-xpath/3.0.0-RC3/camel-xpath-3.0.0-RC3.jar:/home/suinfreedom/.m2/repository/org/apache/camel/camel-xslt/3.0.0-RC3/camel-xslt-3.0.0-RC3.jar:/home/suinfreedom/.m2/repository/org/apache/camel/camel-stream-starter/3.0.0-RC3/camel-stream-starter-3.0.0-RC3.jar:/home/suinfreedom/.m2/repository/org/apache/camel/camel-stream/3.0.0-RC3/camel-stream-3.0.0-RC3.jar:/home/suinfreedom/.m2/repository/org/apache/camel/camel-kafka/3.0.0-RC3/camel-kafka-3.0.0-RC3.jar:/home/suinfreedom/.m2/repository/org/apache/kafka/kafka-clients/2.0.1/kafka-clients-2.0.1.jar:/home/suinfreedom/.m2/repository/org/lz4/lz4-java/1.4.1/lz4-java-1.4.1.jar:/home/suinfreedom/.m2/repository/org/xerial/snappy/snappy-java/1.1.7.1/snappy-java-1.1.7.1.jar:/home/suinfreedom/.m2/repository/org/apache/camel/camel-jackson/3.0.1/camel-jackson-3.0.1.jar:/home/suinfreedom/.m2/repository/com/fasterxml/jackson/core/jackson-databind/2.9.9/jackson-databind-2.9.9.jar:/home/suinfreedom/.m2/repository/com/fasterxml/jackson/core/jackson-annotations/2.9.0/jackson-annotations-2.9.0.jar:/home/suinfreedom/.m2/repository/com/fasterxml/jackson/core/jackson-core/2.9.9/jackson-core-2.9.9.jar:/home/suinfreedom/.m2/repository/com/fasterxml/jackson/module/jackson-module-jaxb-annotations/2.9.9/jackson-module-jaxb-annotations-2.9.9.jar:"/>
    <property name="java.vm.vendor" value="Oracle Corporation"/>
    <property name="sun.arch.data.model" value="64"/>
    <property name="java.vendor.url" value="http://java.oracle.com/"/>
    <property name="user.timezone" value=""/>
    <property name="java.vm.specification.version" value="1.8"/>
    <property name="os.name" value="Linux"/>
    <property name="user.country" value="IT"/>
    <property name="sun.java.launcher" value="SUN_STANDARD"/>
    <property name="sun.boot.library.path" value="/usr/lib/jvm/java-1.8.0-openjdk-1.8.0.242.b08-0.fc30.x86_64/jre/lib/amd64"/>
    <property name="sun.java.command" value="/home/suinfreedom/Programmi/GITHUB/BdtTestPlatform/test-platform/target/surefire/surefirebooter593985502352517596.jar /home/suinfreedom/Programmi/GITHUB/BdtTestPlatform/test-platform/target/surefire 2020-05-31T19-53-30_091-jvmRun1 surefire3401181608592900195tmp surefire_06612100314909861548tmp"/>
    <property name="surefire.test.class.path" value="/home/suinfreedom/Programmi/GITHUB/BdtTestPlatform/test-platform/target/test-classes:/home/suinfreedom/Programmi/GITHUB/BdtTestPlatform/test-platform/target/classes:/home/suinfreedom/.m2/repository/org/springframework/boot/spring-boot-starter-web/2.1.5.RELEASE/spring-boot-starter-web-2.1.5.RELEASE.jar:/home/suinfreedom/.m2/repository/org/springframework/boot/spring-boot-starter/2.1.5.RELEASE/spring-boot-starter-2.1.5.RELEASE.jar:/home/suinfreedom/.m2/repository/org/springframework/boot/spring-boot/2.1.5.RELEASE/spring-boot-2.1.5.RELEASE.jar:/home/suinfreedom/.m2/repository/org/springframework/boot/spring-boot-autoconfigure/2.1.5.RELEASE/spring-boot-autoconfigure-2.1.5.RELEASE.jar:/home/suinfreedom/.m2/repository/org/springframework/boot/spring-boot-starter-logging/2.1.5.RELEASE/spring-boot-starter-logging-2.1.5.RELEASE.jar:/home/suinfreedom/.m2/repository/ch/qos/logback/logback-classic/1.2.3/logback-classic-1.2.3.jar:/home/suinfreedom/.m2/repository/ch/qos/logback/logback-core/1.2.3/logback-core-1.2.3.jar:/home/suinfreedom/.m2/repository/org/apache/logging/log4j/log4j-to-slf4j/2.11.2/log4j-to-slf4j-2.11.2.jar:/home/suinfreedom/.m2/repository/org/apache/logging/log4j/log4j-api/2.11.2/log4j-api-2.11.2.jar:/home/suinfreedom/.m2/repository/org/slf4j/jul-to-slf4j/1.7.26/jul-to-slf4j-1.7.26.jar:/home/suinfreedom/.m2/repository/javax/annotation/javax.annotation-api/1.3.2/javax.annotation-api-1.3.2.jar:/home/suinfreedom/.m2/repository/org/yaml/snakeyaml/1.23/snakeyaml-1.23.jar:/home/suinfreedom/.m2/repository/org/springframework/boot/spring-boot-starter-json/2.1.5.RELEASE/spring-boot-starter-json-2.1.5.RELEASE.jar:/home/suinfreedom/.m2/repository/com/fasterxml/jackson/datatype/jackson-datatype-jdk8/2.9.9/jackson-datatype-jdk8-2.9.9.jar:/home/suinfreedom/.m2/repository/com/fasterxml/jackson/datatype/jackson-datatype-jsr310/2.9.9/jackson-datatype-jsr310-2.9.9.jar:/home/suinfreedom/.m2/repository/com/fasterxml/jackson/module/jackson-module-parameter-names/2.9.9/jackson-module-parameter-names-2.9.9.jar:/home/suinfreedom/.m2/repository/org/springframework/boot/spring-boot-starter-tomcat/2.1.5.RELEASE/spring-boot-starter-tomcat-2.1.5.RELEASE.jar:/home/suinfreedom/.m2/repository/org/apache/tomcat/embed/tomcat-embed-core/9.0.19/tomcat-embed-core-9.0.19.jar:/home/suinfreedom/.m2/repository/org/apache/tomcat/embed/tomcat-embed-el/9.0.19/tomcat-embed-el-9.0.19.jar:/home/suinfreedom/.m2/repository/org/apache/tomcat/embed/tomcat-embed-websocket/9.0.19/tomcat-embed-websocket-9.0.19.jar:/home/suinfreedom/.m2/repository/org/hibernate/validator/hibernate-validator/6.0.16.Final/hibernate-validator-6.0.16.Final.jar:/home/suinfreedom/.m2/repository/javax/validation/validation-api/2.0.1.Final/validation-api-2.0.1.Final.jar:/home/suinfreedom/.m2/repository/org/jboss/logging/jboss-logging/3.3.2.Final/jboss-logging-3.3.2.Final.jar:/home/suinfreedom/.m2/repository/com/fasterxml/classmate/1.4.0/classmate-1.4.0.jar:/home/suinfreedom/.m2/repository/org/springframework/spring-web/5.1.8.RELEASE/spring-web-5.1.8.RELEASE.jar:/home/suinfreedom/.m2/repository/org/springframework/spring-beans/5.1.8.RELEASE/spring-beans-5.1.8.RELEASE.jar:/home/suinfreedom/.m2/repository/org/springframework/spring-webmvc/5.1.8.RELEASE/spring-webmvc-5.1.8.RELEASE.jar:/home/suinfreedom/.m2/repository/org/springframework/spring-aop/5.1.8.RELEASE/spring-aop-5.1.8.RELEASE.jar:/home/suinfreedom/.m2/repository/org/springframework/spring-context/5.1.8.RELEASE/spring-context-5.1.8.RELEASE.jar:/home/suinfreedom/.m2/repository/org/springframework/spring-expression/5.1.8.RELEASE/spring-expression-5.1.8.RELEASE.jar:/home/suinfreedom/.m2/repository/org/springframework/boot/spring-boot-starter-test/2.1.5.RELEASE/spring-boot-starter-test-2.1.5.RELEASE.jar:/home/suinfreedom/.m2/repository/org/springframework/boot/spring-boot-test/2.1.5.RELEASE/spring-boot-test-2.1.5.RELEASE.jar:/home/suinfreedom/.m2/repository/org/springframework/boot/spring-boot-test-autoconfigure/2.1.5.RELEASE/spring-boot-test-autoconfigure-2.1.5.RELEASE.jar:/home/suinfreedom/.m2/repository/com/jayway/jsonpath/json-path/2.4.0/json-path-2.4.0.jar:/home/suinfreedom/.m2/repository/net/minidev/json-smart/2.3/json-smart-2.3.jar:/home/suinfreedom/.m2/repository/net/minidev/accessors-smart/1.2/accessors-smart-1.2.jar:/home/suinfreedom/.m2/repository/org/ow2/asm/asm/5.0.4/asm-5.0.4.jar:/home/suinfreedom/.m2/repository/org/slf4j/slf4j-api/1.7.26/slf4j-api-1.7.26.jar:/home/suinfreedom/.m2/repository/org/assertj/assertj-core/3.11.1/assertj-core-3.11.1.jar:/home/suinfreedom/.m2/repository/org/mockito/mockito-core/2.23.4/mockito-core-2.23.4.jar:/home/suinfreedom/.m2/repository/net/bytebuddy/byte-buddy/1.9.12/byte-buddy-1.9.12.jar:/home/suinfreedom/.m2/repository/net/bytebuddy/byte-buddy-agent/1.9.12/byte-buddy-agent-1.9.12.jar:/home/suinfreedom/.m2/repository/org/objenesis/objenesis/2.6/objenesis-2.6.jar:/home/suinfreedom/.m2/repository/org/hamcrest/hamcrest-core/1.3/hamcrest-core-1.3.jar:/home/suinfreedom/.m2/repository/org/hamcrest/hamcrest-library/1.3/hamcrest-library-1.3.jar:/home/suinfreedom/.m2/repository/org/skyscreamer/jsonassert/1.5.0/jsonassert-1.5.0.jar:/home/suinfreedom/.m2/repository/com/vaadin/external/google/android-json/0.0.20131108.vaadin1/android-json-0.0.20131108.vaadin1.jar:/home/suinfreedom/.m2/repository/org/springframework/spring-core/5.1.7.RELEASE/spring-core-5.1.7.RELEASE.jar:/home/suinfreedom/.m2/repository/org/springframework/spring-jcl/5.1.8.RELEASE/spring-jcl-5.1.8.RELEASE.jar:/home/suinfreedom/.m2/repository/org/springframework/spring-test/5.1.8.RELEASE/spring-test-5.1.8.RELEASE.jar:/home/suinfreedom/.m2/repository/org/xmlunit/xmlunit-core/2.6.2/xmlunit-core-2.6.2.jar:/home/suinfreedom/.m2/repository/io/cucumber/cucumber-core/1.2.6/cucumber-core-1.2.6.jar:/home/suinfreedom/.m2/repository/info/cukes/cucumber-html/0.2.3/cucumber-html-0.2.3.jar:/home/suinfreedom/.m2/repository/info/cukes/cucumber-jvm-deps/1.0.5/cucumber-jvm-deps-1.0.5.jar:/home/suinfreedom/.m2/repository/info/cukes/gherkin/2.12.2/gherkin-2.12.2.jar:/home/suinfreedom/.m2/repository/info/cukes/cucumber-java/1.2.4/cucumber-java-1.2.4.jar:/home/suinfreedom/.m2/repository/info/cukes/cucumber-junit/1.2.4/cucumber-junit-1.2.4.jar:/home/suinfreedom/.m2/repository/info/cukes/cucumber-spring/1.2.4/cucumber-spring-1.2.4.jar:/home/suinfreedom/.m2/repository/commons-io/commons-io/1.3.2/commons-io-1.3.2.jar:/home/suinfreedom/.m2/repository/junit/junit/4.12/junit-4.12.jar:/home/suinfreedom/.m2/repository/org/apache/camel/camel-core-engine/3.0.0-RC3/camel-core-engine-3.0.0-RC3.jar:/home/suinfreedom/.m2/repository/org/apache/camel/spi-annotations/3.0.0-RC3/spi-annotations-3.0.0-RC3.jar:/home/suinfreedom/.m2/repository/org/apache/camel/camel-api/3.0.0-RC3/camel-api-3.0.0-RC3.jar:/home/suinfreedom/.m2/repository/org/apache/camel/camel-base/3.0.0-RC3/camel-base-3.0.0-RC3.jar:/home/suinfreedom/.m2/repository/org/apache/camel/camel-jaxp/3.0.0-RC3/camel-jaxp-3.0.0-RC3.jar:/home/suinfreedom/.m2/repository/org/apache/camel/camel-management-api/3.0.0-RC3/camel-management-api-3.0.0-RC3.jar:/home/suinfreedom/.m2/repository/org/apache/camel/camel-support/3.0.0-RC3/camel-support-3.0.0-RC3.jar:/home/suinfreedom/.m2/repository/org/apache/camel/camel-util/3.0.0-RC3/camel-util-3.0.0-RC3.jar:/home/suinfreedom/.m2/repository/org/apache/camel/camel-util-json/3.0.0-RC3/camel-util-json-3.0.0-RC3.jar:/home/suinfreedom/.m2/repository/org/apache/camel/camel-spring-boot-starter/3.0.0-RC3/camel-spring-boot-starter-3.0.0-RC3.jar:/home/suinfreedom/.m2/repository/org/apache/camel/camel-spring-boot/3.0.0-RC3/camel-spring-boot-3.0.0-RC3.jar:/home/suinfreedom/.m2/repository/org/apache/camel/camel-spring/3.0.0-RC3/camel-spring-3.0.0-RC3.jar:/home/suinfreedom/.m2/repository/org/apache/camel/camel-bean/3.0.0-RC3/camel-bean-3.0.0-RC3.jar:/home/suinfreedom/.m2/repository/org/apache/camel/camel-core-xml/3.0.0-RC3/camel-core-xml-3.0.0-RC3.jar:/home/suinfreedom/.m2/repository/org/springframework/spring-tx/5.1.8.RELEASE/spring-tx-5.1.8.RELEASE.jar:/home/suinfreedom/.m2/repository/org/apache/camel/camel-cloud/3.0.0-RC3/camel-cloud-3.0.0-RC3.jar:/home/suinfreedom/.m2/repository/org/apache/camel/camel-caffeine-lrucache/3.0.0-RC3/camel-caffeine-lrucache-3.0.0-RC3.jar:/home/suinfreedom/.m2/repository/com/github/ben-manes/caffeine/caffeine/2.6.2/caffeine-2.6.2.jar:/home/suinfreedom/.m2/repository/org/apache/camel/camel-main/3.0.0-RC3/camel-main-3.0.0-RC3.jar:/home/suinfreedom/.m2/repository/org/apache/camel/camel-management/3.0.0-RC3/camel-management-3.0.0-RC3.jar:/home/suinfreedom/.m2/repository/org/apache/camel/camel-log/3.0.0-RC3/camel-log-3.0.0-RC3.jar:/home/suinfreedom/.m2/repository/org/apache/camel/camel-core-starter/3.0.0-RC3/camel-core-starter-3.0.0-RC3.jar:/home/suinfreedom/.m2/repository/org/apache/camel/camel-core/3.0.0-RC3/camel-core-3.0.0-RC3.jar:/home/suinfreedom/.m2/repository/org/apache/camel/camel-browse/3.0.0-RC3/camel-browse-3.0.0-RC3.jar:/home/suinfreedom/.m2/repository/org/apache/camel/camel-controlbus/3.0.0-RC3/camel-controlbus-3.0.0-RC3.jar:/home/suinfreedom/.m2/repository/org/apache/camel/camel-dataformat/3.0.0-RC3/camel-dataformat-3.0.0-RC3.jar:/home/suinfreedom/.m2/repository/org/apache/camel/camel-dataset/3.0.0-RC3/camel-dataset-3.0.0-RC3.jar:/home/suinfreedom/.m2/repository/org/apache/camel/camel-direct/3.0.0-RC3/camel-direct-3.0.0-RC3.jar:/home/suinfreedom/.m2/repository/org/apache/camel/camel-directvm/3.0.0-RC3/camel-directvm-3.0.0-RC3.jar:/home/suinfreedom/.m2/repository/org/apache/camel/camel-file/3.0.0-RC3/camel-file-3.0.0-RC3.jar:/home/suinfreedom/.m2/repository/org/apache/camel/camel-language/3.0.0-RC3/camel-language-3.0.0-RC3.jar:/home/suinfreedom/.m2/repository/org/apache/camel/camel-mock/3.0.0-RC3/camel-mock-3.0.0-RC3.jar:/home/suinfreedom/.m2/repository/org/apache/camel/camel-ref/3.0.0-RC3/camel-ref-3.0.0-RC3.jar:/home/suinfreedom/.m2/repository/org/apache/camel/camel-rest/3.0.0-RC3/camel-rest-3.0.0-RC3.jar:/home/suinfreedom/.m2/repository/org/apache/camel/camel-saga/3.0.0-RC3/camel-saga-3.0.0-RC3.jar:/home/suinfreedom/.m2/repository/org/apache/camel/camel-scheduler/3.0.0-RC3/camel-scheduler-3.0.0-RC3.jar:/home/suinfreedom/.m2/repository/org/apache/camel/camel-seda/3.0.0-RC3/camel-seda-3.0.0-RC3.jar:/home/suinfreedom/.m2/repository/org/apache/camel/camel-stub/3.0.0-RC3/camel-stub-3.0.0-RC3.jar:/home/suinfreedom/.m2/repository/org/apache/camel/camel-timer/3.0.0-RC3/camel-timer-3.0.0-RC3.jar:/home/suinfreedom/.m2/repository/org/apache/camel/camel-validator/3.0.0-RC3/camel-validator-3.0.0-RC3.jar:/home/suinfreedom/.m2/repository/org/apache/camel/camel-vm/3.0.0-RC3/camel-vm-3.0.0-RC3.jar:/home/suinfreedom/.m2/repository/org/apache/camel/camel-xpath/3.0.0-RC3/camel-xpath-3.0.0-RC3.jar:/home/suinfreedom/.m2/repository/org/apache/camel/camel-xslt/3.0.0-RC3/camel-xslt-3.0.0-RC3.jar:/home/suinfreedom/.m2/repository/org/apache/camel/camel-stream-starter/3.0.0-RC3/camel-stream-starter-3.0.0-RC3.jar:/home/suinfreedom/.m2/repository/org/apache/camel/camel-stream/3.0.0-RC3/camel-stream-3.0.0-RC3.jar:/home/suinfreedom/.m2/repository/org/apache/camel/camel-kafka/3.0.0-RC3/camel-kafka-3.0.0-RC3.jar:/home/suinfreedom/.m2/repository/org/apache/kafka/kafka-clients/2.0.1/kafka-clients-2.0.1.jar:/home/suinfreedom/.m2/repository/org/lz4/lz4-java/1.4.1/lz4-java-1.4.1.jar:/home/suinfreedom/.m2/repository/org/xerial/snappy/snappy-java/1.1.7.1/snappy-java-1.1.7.1.jar:/home/suinfreedom/.m2/repository/org/apache/camel/camel-jackson/3.0.1/camel-jackson-3.0.1.jar:/home/suinfreedom/.m2/repository/com/fasterxml/jackson/core/jackson-databind/2.9.9/jackson-databind-2.9.9.jar:/home/suinfreedom/.m2/repository/com/fasterxml/jackson/core/jackson-annotations/2.9.0/jackson-annotations-2.9.0.jar:/home/suinfreedom/.m2/repository/com/fasterxml/jackson/core/jackson-core/2.9.9/jackson-core-2.9.9.jar:/home/suinfreedom/.m2/repository/com/fasterxml/jackson/module/jackson-module-jaxb-annotations/2.9.9/jackson-module-jaxb-annotations-2.9.9.jar:"/>
    <property name="sun.cpu.endian" value="little"/>
    <property name="user.home" value="/home/suinfreedom"/>
    <property name="user.language" value="it"/>
    <property name="java.specification.vendor" value="Oracle Corporation"/>
    <property name="java.home" value="/usr/lib/jvm/java-1.8.0-openjdk-1.8.0.242.b08-0.fc30.x86_64/jre"/>
    <property name="basedir" value="/home/suinfreedom/Programmi/GITHUB/BdtTestPlatform/test-platform"/>
    <property name="file.separator" value="/"/>
    <property name="line.separator" value="&#10;"/>
    <property name="java.vm.specification.vendor" value="Oracle Corporation"/>
    <property name="java.specification.name" value="Java Platform API Specification"/>
    <property name="java.awt.graphicsenv" value="sun.awt.X11GraphicsEnvironment"/>
    <property name="surefire.real.class.path" value="/home/suinfreedom/Programmi/GITHUB/BdtTestPlatform/test-platform/target/surefire/surefirebooter593985502352517596.jar"/>
    <property name="sun.boot.class.path" value="/usr/lib/jvm/java-1.8.0-openjdk-1.8.0.242.b08-0.fc30.x86_64/jre/lib/resources.jar:/usr/lib/jvm/java-1.8.0-openjdk-1.8.0.242.b08-0.fc30.x86_64/jre/lib/rt.jar:/usr/lib/jvm/java-1.8.0-openjdk-1.8.0.242.b08-0.fc30.x86_64/jre/lib/sunrsasign.jar:/usr/lib/jvm/java-1.8.0-openjdk-1.8.0.242.b08-0.fc30.x86_64/jre/lib/jsse.jar:/usr/lib/jvm/java-1.8.0-openjdk-1.8.0.242.b08-0.fc30.x86_64/jre/lib/jce.jar:/usr/lib/jvm/java-1.8.0-openjdk-1.8.0.242.b08-0.fc30.x86_64/jre/lib/charsets.jar:/usr/lib/jvm/java-1.8.0-openjdk-1.8.0.242.b08-0.fc30.x86_64/jre/lib/jfr.jar:/usr/lib/jvm/java-1.8.0-openjdk-1.8.0.242.b08-0.fc30.x86_64/jre/classes"/>
    <property name="sun.management.compiler" value="HotSpot 64-Bit Tiered Compilers"/>
    <property name="java.runtime.version" value="1.8.0_242-b08"/>
    <property name="user.name" value="suinfreedom"/>
    <property name="path.separator" value=":"/>
    <property name="os.version" value="5.6.11-100.fc30.x86_64"/>
    <property name="java.endorsed.dirs" value="/usr/lib/jvm/java-1.8.0-openjdk-1.8.0.242.b08-0.fc30.x86_64/jre/lib/endorsed"/>
    <property name="java.runtime.name" value="OpenJDK Runtime Environment"/>
    <property name="file.encoding" value="UTF-8"/>
    <property name="java.vm.name" value="OpenJDK 64-Bit Server VM"/>
    <property name="localRepository" value="/home/suinfreedom/.m2/repository"/>
    <property name="java.vendor.url.bug" value="http://bugreport.sun.com/bugreport/"/>
    <property name="java.io.tmpdir" value="/tmp"/>
    <property name="java.version" value="1.8.0_242"/>
    <property name="user.dir" value="/home/suinfreedom/Programmi/GITHUB/BdtTestPlatform/test-platform"/>
    <property name="os.arch" value="amd64"/>
    <property name="java.vm.specification.name" value="Java Virtual Machine Specification"/>
    <property name="java.awt.printerjob" value="sun.print.PSPrinterJob"/>
    <property name="sun.os.patch.level" value="unknown"/>
    <property name="java.library.path" value="/usr/java/packages/lib/amd64:/usr/lib64:/lib64:/lib:/usr/lib"/>
    <property name="java.vm.info" value="mixed mode"/>
    <property name="java.vendor" value="Oracle Corporation"/>
    <property name="java.vm.version" value="25.242-b08"/>
    <property name="java.ext.dirs" value="/usr/lib/jvm/java-1.8.0-openjdk-1.8.0.242.b08-0.fc30.x86_64/jre/lib/ext:/usr/java/packages/lib/ext"/>
    <property name="sun.io.unicode.encoding" value="UnicodeLittle"/>
    <property name="java.class.version" value="52.0"/>
  </properties>
  <testcase name="When viene chiamata con valore minore 300" classname="Scenario: funzionalità di recupeo stringa minore" time="0.001"/>
  <testcase name="Then riceve una stringa che dice che il dato è minore del valore soglia" classname="Scenario: funzionalità di recupeo stringa minore" time="0.001"/>
  <testcase name="Scenario: funzionalità di recupeo stringa minore" classname="Scenario: funzionalità di recupeo stringa minore" time="0.001"/>
  <testcase name="When viene chiamata con valore maggiore 700" classname="Scenario: funzionalità di recupeo stringa maggiore" time="0"/>
  <testcase name="Then riceve una stringa che dice che il dato è maggiore del valore soglia" classname="Scenario: funzionalità di recupeo stringa maggiore" time="0"/>
  <testcase name="Scenario: funzionalità di recupeo stringa maggiore" classname="Scenario: funzionalità di recupeo stringa maggiore" time="0"/>
</testsuite>